2018-02-08 15:28:11,184 ERROR 46114 [-/127.0.0.1/-/5039ms GET /news/] nodejs.ConnectionTimeoutError: Connect timeout for 5000ms, GET https://hacker-news.firebaseio.com/v0/topstories.json -2 (connected: false, keepalive socket: false, agent status: {"createSocketCount":1,"createSocketErrorCount":0,"closeSocketCount":1,"errorSocketCount":0,"timeoutSocketCount":0,"requestCount":0,"freeSockets":{},"sockets":{},"requests":{}})
headers: {}
headers: {}
    at Timeout._onTimeout (/Users/Godric/Documents/PhantomTiger/big-screen-data-server-demo/node_modules/urllib/lib/urllib.js:735:15)
    at ontimeout (timers.js:458:11)
    at tryOnTimeout (timers.js:296:5)
    at Timer.listOnTimeout (timers.js:259:5)
name: 'ConnectionTimeoutError'
requestId: 1
data: undefined
path: '/v0/topstories.json?orderBy=%22%24key%22&startAt=%220%22&endAt=%224%22'
status: -2
headers: {}
res: { status: -2, statusCode: -2, headers: {}, size: 0, aborted: false, rt: 5023, keepAliveSocket: false, data: undefined, requestUrls: [ 'https://hacker-news.firebaseio.com/v0/topstories.json' ], timing: null, remoteAddress: '35.201.97.85', remotePort: '' }
pid: 46114
hostname: houyanqideMBP.lan

2018-02-08 15:28:29,045 ERROR 46114 [-/127.0.0.1/-/5009ms GET /news/] nodejs.ConnectionTimeoutError: Connect timeout for 5000ms, GET https://hacker-news.firebaseio.com/v0/topstories.json -2 (connected: false, keepalive socket: false, agent status: {"createSocketCount":2,"createSocketErrorCount":0,"closeSocketCount":2,"errorSocketCount":0,"timeoutSocketCount":0,"requestCount":0,"freeSockets":{},"sockets":{},"requests":{}})
headers: {}
headers: {}
    at Timeout._onTimeout (/Users/Godric/Documents/PhantomTiger/big-screen-data-server-demo/node_modules/urllib/lib/urllib.js:735:15)
    at ontimeout (timers.js:458:11)
    at tryOnTimeout (timers.js:296:5)
    at Timer.listOnTimeout (timers.js:259:5)
name: 'ConnectionTimeoutError'
requestId: 2
data: undefined
path: '/v0/topstories.json?orderBy=%22%24key%22&startAt=%220%22&endAt=%224%22'
status: -2
headers: {}
res: { status: -2, statusCode: -2, headers: {}, size: 0, aborted: false, rt: 5007, keepAliveSocket: false, data: undefined, requestUrls: [ 'https://hacker-news.firebaseio.com/v0/topstories.json' ], timing: null, remoteAddress: '35.201.97.85', remotePort: '' }
pid: 46114
hostname: houyanqideMBP.lan

2018-02-08 15:30:12,513 ERROR 46114 [-/127.0.0.1/-/5006ms GET /news] nodejs.ConnectionTimeoutError: Connect timeout for 5000ms, GET https://hacker-news.firebaseio.com/v0/topstories.json -2 (connected: false, keepalive socket: false, agent status: {"createSocketCount":3,"createSocketErrorCount":0,"closeSocketCount":3,"errorSocketCount":0,"timeoutSocketCount":0,"requestCount":0,"freeSockets":{},"sockets":{},"requests":{}})
headers: {}
headers: {}
    at Timeout._onTimeout (/Users/Godric/Documents/PhantomTiger/big-screen-data-server-demo/node_modules/urllib/lib/urllib.js:735:15)
    at ontimeout (timers.js:458:11)
    at tryOnTimeout (timers.js:296:5)
    at Timer.listOnTimeout (timers.js:259:5)
name: 'ConnectionTimeoutError'
requestId: 3
data: undefined
path: '/v0/topstories.json?orderBy=%22%24key%22&startAt=%220%22&endAt=%224%22'
status: -2
headers: {}
res: { status: -2, statusCode: -2, headers: {}, size: 0, aborted: false, rt: 5006, keepAliveSocket: false, data: undefined, requestUrls: [ 'https://hacker-news.firebaseio.com/v0/topstories.json' ], timing: null, remoteAddress: '35.201.97.85', remotePort: '' }
pid: 46114
hostname: houyanqideMBP.lan

2018-02-08 17:02:45,349 ERROR 47646 [-/undefined/-/5032ms GET /news] nodejs.ConnectionTimeoutError: Connect timeout for 5000ms, GET https://hacker-news.firebaseio.com/v0/topstories.json -2 (connected: false, keepalive socket: false, agent status: {"createSocketCount":2,"createSocketErrorCount":0,"closeSocketCount":1,"errorSocketCount":0,"timeoutSocketCount":0,"requestCount":0,"freeSockets":{},"sockets":{"hacker-news.firebaseio.com:443::::::::::":1},"requests":{}})
headers: {}
headers: {}
    at Timeout._onTimeout (/Users/Godric/Documents/PhantomTiger/big-screen-data-server-demo/node_modules/urllib/lib/urllib.js:735:15)
    at ontimeout (timers.js:458:11)
    at tryOnTimeout (timers.js:296:5)
    at Timer.listOnTimeout (timers.js:259:5)
name: 'ConnectionTimeoutError'
requestId: 1
data: undefined
path: '/v0/topstories.json?orderBy=%22%24key%22&startAt=%220%22&endAt=%224%22'
status: -2
headers: {}
res: { status: -2, statusCode: -2, headers: {}, size: 0, aborted: false, rt: 5028, keepAliveSocket: false, data: undefined, requestUrls: [ 'https://hacker-news.firebaseio.com/v0/topstories.json' ], timing: null, remoteAddress: '35.201.97.85', remotePort: '' }
headerSent: true
pid: 47646
hostname: houyanqideMBP.lan

2018-02-08 17:02:49,287 ERROR 47646 [-/127.0.0.1/-/5006ms GET /news] nodejs.ConnectionTimeoutError: Connect timeout for 5000ms, GET https://hacker-news.firebaseio.com/v0/topstories.json -2 (connected: false, keepalive socket: false, agent status: {"createSocketCount":2,"createSocketErrorCount":0,"closeSocketCount":2,"errorSocketCount":0,"timeoutSocketCount":0,"requestCount":0,"freeSockets":{},"sockets":{},"requests":{}})
headers: {}
headers: {}
    at Timeout._onTimeout (/Users/Godric/Documents/PhantomTiger/big-screen-data-server-demo/node_modules/urllib/lib/urllib.js:735:15)
    at ontimeout (timers.js:458:11)
    at tryOnTimeout (timers.js:296:5)
    at Timer.listOnTimeout (timers.js:259:5)
name: 'ConnectionTimeoutError'
requestId: 2
data: undefined
path: '/v0/topstories.json?orderBy=%22%24key%22&startAt=%220%22&endAt=%224%22'
status: -2
headers: {}
res: { status: -2, statusCode: -2, headers: {}, size: 0, aborted: false, rt: 5004, keepAliveSocket: false, data: undefined, requestUrls: [ 'https://hacker-news.firebaseio.com/v0/topstories.json' ], timing: null, remoteAddress: '35.201.97.85', remotePort: '' }
pid: 47646
hostname: houyanqideMBP.lan

2018-02-08 17:03:49,132 ERROR 47738 [-/127.0.0.1/-/5034ms GET /news] nodejs.ConnectionTimeoutError: Connect timeout for 5000ms, GET https://hacker-news.firebaseio.com/v0/topstories.json -2 (connected: false, keepalive socket: false, agent status: {"createSocketCount":1,"createSocketErrorCount":0,"closeSocketCount":1,"errorSocketCount":0,"timeoutSocketCount":0,"requestCount":0,"freeSockets":{},"sockets":{},"requests":{}})
headers: {}
headers: {}
    at Timeout._onTimeout (/Users/Godric/Documents/PhantomTiger/big-screen-data-server-demo/node_modules/urllib/lib/urllib.js:735:15)
    at ontimeout (timers.js:458:11)
    at tryOnTimeout (timers.js:296:5)
    at Timer.listOnTimeout (timers.js:259:5)
name: 'ConnectionTimeoutError'
requestId: 1
data: undefined
path: '/v0/topstories.json?orderBy=%22%24key%22&startAt=%220%22&endAt=%224%22'
status: -2
headers: {}
res: { status: -2, statusCode: -2, headers: {}, size: 0, aborted: false, rt: 5022, keepAliveSocket: false, data: undefined, requestUrls: [ 'https://hacker-news.firebaseio.com/v0/topstories.json' ], timing: null, remoteAddress: '35.201.97.85', remotePort: '' }
pid: 47738
hostname: houyanqideMBP.lan

2018-02-08 17:05:48,033 ERROR 47871 [-/127.0.0.1/-/30042ms GET /news] nodejs.ConnectionTimeoutError: Connect timeout for 30000ms, GET https://hacker-news.firebaseio.com/v0/topstories.json -2 (connected: false, keepalive socket: false, agent status: {"createSocketCount":1,"createSocketErrorCount":0,"closeSocketCount":1,"errorSocketCount":0,"timeoutSocketCount":0,"requestCount":0,"freeSockets":{},"sockets":{},"requests":{}})
headers: {}
headers: {}
    at Timeout._onTimeout (/Users/Godric/Documents/PhantomTiger/big-screen-data-server-demo/node_modules/urllib/lib/urllib.js:735:15)
    at ontimeout (timers.js:458:11)
    at tryOnTimeout (timers.js:296:5)
    at Timer.listOnTimeout (timers.js:259:5)
name: 'ConnectionTimeoutError'
requestId: 1
data: undefined
path: '/v0/topstories.json?orderBy=%22%24key%22&startAt=%220%22&endAt=%224%22'
status: -2
headers: {}
res: { status: -2, statusCode: -2, headers: {}, size: 0, aborted: false, rt: 30027, keepAliveSocket: false, data: undefined, requestUrls: [ 'https://hacker-news.firebaseio.com/v0/topstories.json' ], timing: null, remoteAddress: '35.201.97.85', remotePort: '' }
pid: 47871
hostname: houyanqideMBP.lan

2018-02-08 17:07:39,829 ERROR 47952 [-/127.0.0.1/-/6376ms GET /news] nodejs.ConnectionTimeoutError: Connect timeout for 5000ms, GET https://hacker-news.firebaseio.com/v0/item/16330219.json -2 (connected: false, keepalive socket: false, agent status: {"createSocketCount":5,"createSocketErrorCount":0,"closeSocketCount":1,"errorSocketCount":0,"timeoutSocketCount":0,"requestCount":0,"freeSockets":{},"sockets":{"hacker-news.firebaseio.com:443::::::::::":4},"requests":{}})
headers: {}
headers: {}
    at Timeout._onTimeout (/Users/Godric/Documents/PhantomTiger/big-screen-data-server-demo/node_modules/urllib/lib/urllib.js:735:15)
    at ontimeout (timers.js:458:11)
    at tryOnTimeout (timers.js:296:5)
    at Timer.listOnTimeout (timers.js:259:5)
name: 'ConnectionTimeoutError'
requestId: 3
data: undefined
path: '/v0/item/16330219.json'
status: -2
headers: {}
res: { status: -2, statusCode: -2, headers: {}, size: 0, aborted: false, rt: 5003, keepAliveSocket: false, data: undefined, requestUrls: [ 'https://hacker-news.firebaseio.com/v0/item/16330219.json' ], timing: null, remoteAddress: '35.201.97.85', remotePort: '' }
pid: 47952
hostname: houyanqideMBP.lan

