2018-02-08 14:57:17,544 INFO 45711 [egg:logger] init all loggers with options: {"dir":"/Users/Godric/Documents/PhantomTiger/big-screen-data-server-demo/logs/big-screen-data-server-demo","encoding":"utf8","env":"unittest","level":"INFO","consoleLevel":"WARN","disableConsoleAfterReady":false,"outputJSON":false,"buffer":false,"appLogName":"big-screen-data-server-demo-web.log","coreLogName":"egg-web.log","agentLogName":"egg-agent.log","errorLogName":"common-error.log","coreLogger":{},"allowDebugAtProd":true,"type":"application"}
2018-02-08 14:57:17,585 INFO 45711 [egg-schedule]: register schedule /Users/Godric/Documents/PhantomTiger/big-screen-data-server-demo/node_modules/egg-logrotator/app/schedule/clean_log.js
2018-02-08 14:57:17,585 INFO 45711 [egg-schedule]: register schedule /Users/Godric/Documents/PhantomTiger/big-screen-data-server-demo/node_modules/egg-logrotator/app/schedule/rotate_by_file.js
2018-02-08 14:57:17,683 INFO 45711 [egg-static] starting static serve /public/ -> /Users/Godric/Documents/PhantomTiger/big-screen-data-server-demo/app/public
2018-02-08 14:57:17,686 INFO 45711 [egg-security] use csrf middleware
2018-02-08 14:57:17,687 INFO 45711 [egg-security] use methodnoallow middleware
2018-02-08 14:57:17,688 INFO 45711 [egg-security] use noopen middleware
2018-02-08 14:57:17,689 INFO 45711 [egg-security] use nosniff middleware
2018-02-08 14:57:17,690 INFO 45711 [egg-security] use xssProtection middleware
2018-02-08 14:57:17,690 INFO 45711 [egg-security] use xframe middleware
2018-02-08 14:57:17,691 INFO 45711 [egg-security] use dta middleware
2018-02-08 14:57:17,691 INFO 45711 [egg-security] compose 7 middlewares into one security middleware
2018-02-08 14:57:17,748 INFO 45711 [egg-watcher:app] watcher start success
2018-02-08 15:21:43,186 INFO 45949 [egg:logger] init all loggers with options: {"dir":"/Users/Godric/Documents/PhantomTiger/big-screen-data-server-demo/logs/big-screen-data-server-demo","encoding":"utf8","env":"local","level":"INFO","consoleLevel":"INFO","disableConsoleAfterReady":false,"outputJSON":false,"buffer":true,"appLogName":"big-screen-data-server-demo-web.log","coreLogName":"egg-web.log","agentLogName":"egg-agent.log","errorLogName":"common-error.log","coreLogger":{"consoleLevel":"WARN"},"allowDebugAtProd":true,"type":"application"}
2018-02-08 15:21:43,241 INFO 45949 [egg-schedule]: register schedule /Users/Godric/Documents/PhantomTiger/big-screen-data-server-demo/node_modules/egg-logrotator/app/schedule/clean_log.js
2018-02-08 15:21:43,241 INFO 45949 [egg-schedule]: register schedule /Users/Godric/Documents/PhantomTiger/big-screen-data-server-demo/node_modules/egg-logrotator/app/schedule/rotate_by_file.js
2018-02-08 15:21:43,372 INFO 45949 [egg-static] starting static serve /public/ -> /Users/Godric/Documents/PhantomTiger/big-screen-data-server-demo/app/public
2018-02-08 15:21:43,376 INFO 45949 [egg-security] use csrf middleware
2018-02-08 15:21:43,378 INFO 45949 [egg-security] use methodnoallow middleware
2018-02-08 15:21:43,381 INFO 45949 [egg-security] use noopen middleware
2018-02-08 15:21:43,383 INFO 45949 [egg-security] use nosniff middleware
2018-02-08 15:21:43,384 INFO 45949 [egg-security] use xssProtection middleware
2018-02-08 15:21:43,385 INFO 45949 [egg-security] use xframe middleware
2018-02-08 15:21:43,386 INFO 45949 [egg-security] use dta middleware
2018-02-08 15:21:43,386 INFO 45949 [egg-security] compose 7 middlewares into one security middleware
2018-02-08 15:21:43,453 INFO 45949 [egg-watcher:app] watcher start success
2018-02-08 15:21:54,144 INFO 45949 [egg-view-nunjucks] loading templates from ["/Users/Godric/Documents/PhantomTiger/big-screen-data-server-demo/app/view"]
2018-02-08 15:26:54,317 INFO 46114 [egg:logger] init all loggers with options: {"dir":"/Users/Godric/Documents/PhantomTiger/big-screen-data-server-demo/logs/big-screen-data-server-demo","encoding":"utf8","env":"local","level":"INFO","consoleLevel":"INFO","disableConsoleAfterReady":false,"outputJSON":false,"buffer":true,"appLogName":"big-screen-data-server-demo-web.log","coreLogName":"egg-web.log","agentLogName":"egg-agent.log","errorLogName":"common-error.log","coreLogger":{"consoleLevel":"WARN"},"allowDebugAtProd":true,"type":"application"}
2018-02-08 15:26:54,364 INFO 46114 [egg-schedule]: register schedule /Users/Godric/Documents/PhantomTiger/big-screen-data-server-demo/node_modules/egg-logrotator/app/schedule/clean_log.js
2018-02-08 15:26:54,364 INFO 46114 [egg-schedule]: register schedule /Users/Godric/Documents/PhantomTiger/big-screen-data-server-demo/node_modules/egg-logrotator/app/schedule/rotate_by_file.js
2018-02-08 15:26:54,465 INFO 46114 [egg-static] starting static serve /public/ -> /Users/Godric/Documents/PhantomTiger/big-screen-data-server-demo/app/public
2018-02-08 15:26:54,469 INFO 46114 [egg-security] use csrf middleware
2018-02-08 15:26:54,470 INFO 46114 [egg-security] use methodnoallow middleware
2018-02-08 15:26:54,472 INFO 46114 [egg-security] use noopen middleware
2018-02-08 15:26:54,473 INFO 46114 [egg-security] use nosniff middleware
2018-02-08 15:26:54,474 INFO 46114 [egg-security] use xssProtection middleware
2018-02-08 15:26:54,474 INFO 46114 [egg-security] use xframe middleware
2018-02-08 15:26:54,475 INFO 46114 [egg-security] use dta middleware
2018-02-08 15:26:54,475 INFO 46114 [egg-security] compose 7 middlewares into one security middleware
2018-02-08 15:26:54,508 INFO 46114 [egg-watcher:app] watcher start success
2018-02-08 15:45:51,450 INFO 46392 [egg:logger] init all loggers with options: {"dir":"/Users/Godric/Documents/PhantomTiger/big-screen-data-server-demo/logs/big-screen-data-server-demo","encoding":"utf8","env":"local","level":"INFO","consoleLevel":"INFO","disableConsoleAfterReady":false,"outputJSON":false,"buffer":true,"appLogName":"big-screen-data-server-demo-web.log","coreLogName":"egg-web.log","agentLogName":"egg-agent.log","errorLogName":"common-error.log","coreLogger":{"consoleLevel":"WARN"},"allowDebugAtProd":true,"type":"application"}
2018-02-08 15:45:51,638 INFO 46392 [egg-schedule]: register schedule /Users/Godric/Documents/PhantomTiger/big-screen-data-server-demo/node_modules/egg-logrotator/app/schedule/clean_log.js
2018-02-08 15:45:51,639 INFO 46392 [egg-schedule]: register schedule /Users/Godric/Documents/PhantomTiger/big-screen-data-server-demo/node_modules/egg-logrotator/app/schedule/rotate_by_file.js
2018-02-08 15:45:51,868 INFO 46392 [egg-static] starting static serve /public/ -> /Users/Godric/Documents/PhantomTiger/big-screen-data-server-demo/app/public
2018-02-08 15:45:51,879 INFO 46392 [egg-security] use csrf middleware
2018-02-08 15:45:51,884 INFO 46392 [egg-security] use methodnoallow middleware
2018-02-08 15:45:51,898 INFO 46392 [egg-security] use noopen middleware
2018-02-08 15:45:51,914 INFO 46392 [egg-security] use nosniff middleware
2018-02-08 15:45:51,926 INFO 46392 [egg-security] use xssProtection middleware
2018-02-08 15:45:51,927 INFO 46392 [egg-security] use xframe middleware
2018-02-08 15:45:51,931 INFO 46392 [egg-security] use dta middleware
2018-02-08 15:45:51,931 INFO 46392 [egg-security] compose 7 middlewares into one security middleware
2018-02-08 15:45:52,003 INFO 46392 [egg-watcher:app] watcher start success
2018-02-08 17:02:15,126 INFO 47646 [egg:logger] init all loggers with options: {"dir":"/Users/Godric/Documents/PhantomTiger/big-screen-data-server-demo/logs/big-screen-data-server-demo","encoding":"utf8","env":"local","level":"INFO","consoleLevel":"INFO","disableConsoleAfterReady":false,"outputJSON":false,"buffer":true,"appLogName":"big-screen-data-server-demo-web.log","coreLogName":"egg-web.log","agentLogName":"egg-agent.log","errorLogName":"common-error.log","coreLogger":{"consoleLevel":"WARN"},"allowDebugAtProd":true,"type":"application"}
2018-02-08 17:02:15,177 INFO 47646 [egg-schedule]: register schedule /Users/Godric/Documents/PhantomTiger/big-screen-data-server-demo/node_modules/egg-logrotator/app/schedule/clean_log.js
2018-02-08 17:02:15,177 INFO 47646 [egg-schedule]: register schedule /Users/Godric/Documents/PhantomTiger/big-screen-data-server-demo/node_modules/egg-logrotator/app/schedule/rotate_by_file.js
2018-02-08 17:02:15,260 INFO 47646 [egg-static] starting static serve /public/ -> /Users/Godric/Documents/PhantomTiger/big-screen-data-server-demo/app/public
2018-02-08 17:02:15,265 INFO 47646 [egg-security] use csrf middleware
2018-02-08 17:02:15,267 INFO 47646 [egg-security] use methodnoallow middleware
2018-02-08 17:02:15,268 INFO 47646 [egg-security] use noopen middleware
2018-02-08 17:02:15,270 INFO 47646 [egg-security] use nosniff middleware
2018-02-08 17:02:15,271 INFO 47646 [egg-security] use xssProtection middleware
2018-02-08 17:02:15,272 INFO 47646 [egg-security] use xframe middleware
2018-02-08 17:02:15,272 INFO 47646 [egg-security] use dta middleware
2018-02-08 17:02:15,272 INFO 47646 [egg-security] compose 7 middlewares into one security middleware
2018-02-08 17:02:15,309 INFO 47646 [egg-watcher:app] watcher start success
2018-02-08 17:03:22,565 INFO 47738 [egg:logger] init all loggers with options: {"dir":"/Users/Godric/Documents/PhantomTiger/big-screen-data-server-demo/logs/big-screen-data-server-demo","encoding":"utf8","env":"local","level":"INFO","consoleLevel":"INFO","disableConsoleAfterReady":false,"outputJSON":false,"buffer":true,"appLogName":"big-screen-data-server-demo-web.log","coreLogName":"egg-web.log","agentLogName":"egg-agent.log","errorLogName":"common-error.log","coreLogger":{"consoleLevel":"WARN"},"allowDebugAtProd":true,"type":"application"}
2018-02-08 17:03:22,607 INFO 47738 [egg-schedule]: register schedule /Users/Godric/Documents/PhantomTiger/big-screen-data-server-demo/node_modules/egg-logrotator/app/schedule/clean_log.js
2018-02-08 17:03:22,607 INFO 47738 [egg-schedule]: register schedule /Users/Godric/Documents/PhantomTiger/big-screen-data-server-demo/node_modules/egg-logrotator/app/schedule/rotate_by_file.js
2018-02-08 17:03:22,736 INFO 47738 [egg-static] starting static serve /public/ -> /Users/Godric/Documents/PhantomTiger/big-screen-data-server-demo/app/public
2018-02-08 17:03:22,741 INFO 47738 [egg-security] use csrf middleware
2018-02-08 17:03:22,744 INFO 47738 [egg-security] use methodnoallow middleware
2018-02-08 17:03:22,745 INFO 47738 [egg-security] use noopen middleware
2018-02-08 17:03:22,748 INFO 47738 [egg-security] use nosniff middleware
2018-02-08 17:03:22,750 INFO 47738 [egg-security] use xssProtection middleware
2018-02-08 17:03:22,751 INFO 47738 [egg-security] use xframe middleware
2018-02-08 17:03:22,752 INFO 47738 [egg-security] use dta middleware
2018-02-08 17:03:22,752 INFO 47738 [egg-security] compose 7 middlewares into one security middleware
2018-02-08 17:03:22,801 INFO 47738 [egg-watcher:app] watcher start success
2018-02-08 17:04:34,922 INFO 47815 [egg:logger] init all loggers with options: {"dir":"/Users/Godric/Documents/PhantomTiger/big-screen-data-server-demo/logs/big-screen-data-server-demo","encoding":"utf8","env":"local","level":"INFO","consoleLevel":"INFO","disableConsoleAfterReady":false,"outputJSON":false,"buffer":true,"appLogName":"big-screen-data-server-demo-web.log","coreLogName":"egg-web.log","agentLogName":"egg-agent.log","errorLogName":"common-error.log","coreLogger":{"consoleLevel":"WARN"},"allowDebugAtProd":true,"type":"application"}
2018-02-08 17:04:34,962 INFO 47815 [egg-schedule]: register schedule /Users/Godric/Documents/PhantomTiger/big-screen-data-server-demo/node_modules/egg-logrotator/app/schedule/clean_log.js
2018-02-08 17:04:34,962 INFO 47815 [egg-schedule]: register schedule /Users/Godric/Documents/PhantomTiger/big-screen-data-server-demo/node_modules/egg-logrotator/app/schedule/rotate_by_file.js
2018-02-08 17:04:35,046 INFO 47815 [egg-static] starting static serve /public/ -> /Users/Godric/Documents/PhantomTiger/big-screen-data-server-demo/app/public
2018-02-08 17:04:35,052 INFO 47815 [egg-security] use csrf middleware
2018-02-08 17:04:35,054 INFO 47815 [egg-security] use methodnoallow middleware
2018-02-08 17:04:35,055 INFO 47815 [egg-security] use noopen middleware
2018-02-08 17:04:35,056 INFO 47815 [egg-security] use nosniff middleware
2018-02-08 17:04:35,057 INFO 47815 [egg-security] use xssProtection middleware
2018-02-08 17:04:35,057 INFO 47815 [egg-security] use xframe middleware
2018-02-08 17:04:35,058 INFO 47815 [egg-security] use dta middleware
2018-02-08 17:04:35,058 INFO 47815 [egg-security] compose 7 middlewares into one security middleware
2018-02-08 17:04:35,098 INFO 47815 [egg-watcher:app] watcher start success
2018-02-08 17:05:10,999 INFO 47871 [egg:logger] init all loggers with options: {"dir":"/Users/Godric/Documents/PhantomTiger/big-screen-data-server-demo/logs/big-screen-data-server-demo","encoding":"utf8","env":"local","level":"INFO","consoleLevel":"INFO","disableConsoleAfterReady":false,"outputJSON":false,"buffer":true,"appLogName":"big-screen-data-server-demo-web.log","coreLogName":"egg-web.log","agentLogName":"egg-agent.log","errorLogName":"common-error.log","coreLogger":{"consoleLevel":"WARN"},"allowDebugAtProd":true,"type":"application"}
2018-02-08 17:05:11,129 INFO 47871 [egg-schedule]: register schedule /Users/Godric/Documents/PhantomTiger/big-screen-data-server-demo/node_modules/egg-logrotator/app/schedule/clean_log.js
2018-02-08 17:05:11,129 INFO 47871 [egg-schedule]: register schedule /Users/Godric/Documents/PhantomTiger/big-screen-data-server-demo/node_modules/egg-logrotator/app/schedule/rotate_by_file.js
2018-02-08 17:05:11,231 INFO 47871 [egg-static] starting static serve /public/ -> /Users/Godric/Documents/PhantomTiger/big-screen-data-server-demo/app/public
2018-02-08 17:05:11,239 INFO 47871 [egg-security] use csrf middleware
2018-02-08 17:05:11,241 INFO 47871 [egg-security] use methodnoallow middleware
2018-02-08 17:05:11,243 INFO 47871 [egg-security] use noopen middleware
2018-02-08 17:05:11,244 INFO 47871 [egg-security] use nosniff middleware
2018-02-08 17:05:11,245 INFO 47871 [egg-security] use xssProtection middleware
2018-02-08 17:05:11,247 INFO 47871 [egg-security] use xframe middleware
2018-02-08 17:05:11,247 INFO 47871 [egg-security] use dta middleware
2018-02-08 17:05:11,248 INFO 47871 [egg-security] compose 7 middlewares into one security middleware
2018-02-08 17:05:11,294 INFO 47871 [egg-watcher:app] watcher start success
2018-02-08 17:06:55,548 INFO 47952 [egg:logger] init all loggers with options: {"dir":"/Users/Godric/Documents/PhantomTiger/big-screen-data-server-demo/logs/big-screen-data-server-demo","encoding":"utf8","env":"local","level":"INFO","consoleLevel":"INFO","disableConsoleAfterReady":false,"outputJSON":false,"buffer":true,"appLogName":"big-screen-data-server-demo-web.log","coreLogName":"egg-web.log","agentLogName":"egg-agent.log","errorLogName":"common-error.log","coreLogger":{"consoleLevel":"WARN"},"allowDebugAtProd":true,"type":"application"}
2018-02-08 17:06:55,595 INFO 47952 [egg-schedule]: register schedule /Users/Godric/Documents/PhantomTiger/big-screen-data-server-demo/node_modules/egg-logrotator/app/schedule/clean_log.js
2018-02-08 17:06:55,595 INFO 47952 [egg-schedule]: register schedule /Users/Godric/Documents/PhantomTiger/big-screen-data-server-demo/node_modules/egg-logrotator/app/schedule/rotate_by_file.js
2018-02-08 17:06:55,649 INFO 47952 [egg-static] starting static serve /public/ -> /Users/Godric/Documents/PhantomTiger/big-screen-data-server-demo/app/public
2018-02-08 17:06:55,654 INFO 47952 [egg-security] use csrf middleware
2018-02-08 17:06:55,655 INFO 47952 [egg-security] use methodnoallow middleware
2018-02-08 17:06:55,656 INFO 47952 [egg-security] use noopen middleware
2018-02-08 17:06:55,657 INFO 47952 [egg-security] use nosniff middleware
2018-02-08 17:06:55,657 INFO 47952 [egg-security] use xssProtection middleware
2018-02-08 17:06:55,658 INFO 47952 [egg-security] use xframe middleware
2018-02-08 17:06:55,658 INFO 47952 [egg-security] use dta middleware
2018-02-08 17:06:55,658 INFO 47952 [egg-security] compose 7 middlewares into one security middleware
2018-02-08 17:06:55,733 INFO 47952 [egg-watcher:app] watcher start success
2018-02-08 17:08:29,765 INFO 48030 [egg:logger] init all loggers with options: {"dir":"/Users/Godric/Documents/PhantomTiger/big-screen-data-server-demo/logs/big-screen-data-server-demo","encoding":"utf8","env":"local","level":"INFO","consoleLevel":"INFO","disableConsoleAfterReady":false,"outputJSON":false,"buffer":true,"appLogName":"big-screen-data-server-demo-web.log","coreLogName":"egg-web.log","agentLogName":"egg-agent.log","errorLogName":"common-error.log","coreLogger":{"consoleLevel":"WARN"},"allowDebugAtProd":true,"type":"application"}
2018-02-08 17:08:29,801 INFO 48030 [egg-schedule]: register schedule /Users/Godric/Documents/PhantomTiger/big-screen-data-server-demo/node_modules/egg-logrotator/app/schedule/clean_log.js
2018-02-08 17:08:29,801 INFO 48030 [egg-schedule]: register schedule /Users/Godric/Documents/PhantomTiger/big-screen-data-server-demo/node_modules/egg-logrotator/app/schedule/rotate_by_file.js
2018-02-08 17:08:29,903 INFO 48030 [egg-static] starting static serve /public/ -> /Users/Godric/Documents/PhantomTiger/big-screen-data-server-demo/app/public
2018-02-08 17:08:29,907 INFO 48030 [egg-security] use csrf middleware
2018-02-08 17:08:29,909 INFO 48030 [egg-security] use methodnoallow middleware
2018-02-08 17:08:29,910 INFO 48030 [egg-security] use noopen middleware
2018-02-08 17:08:29,911 INFO 48030 [egg-security] use nosniff middleware
2018-02-08 17:08:29,913 INFO 48030 [egg-security] use xssProtection middleware
2018-02-08 17:08:29,915 INFO 48030 [egg-security] use xframe middleware
2018-02-08 17:08:29,916 INFO 48030 [egg-security] use dta middleware
2018-02-08 17:08:29,916 INFO 48030 [egg-security] compose 7 middlewares into one security middleware
2018-02-08 17:08:29,981 INFO 48030 [egg-watcher:app] watcher start success
2018-02-08 17:08:43,558 INFO 48030 [egg-view-nunjucks] loading templates from ["/Users/Godric/Documents/PhantomTiger/big-screen-data-server-demo/app/view"]
